<?xml version="1.0" encoding="UTF-8"?>
<!-- Generated by org.testng.reporters.JUnitReportReporter -->
<testsuite hostname="DESKTOP-AQVOTS7" failures="0" tests="4" name="MyPackage.MyTestCases" time="2.514" errors="0" timestamp="2025-01-23T02:51:38 EET" skipped="1">
  <testcase classname="MyPackage.MyTestCases" name="ADDData" time="0.039"/>
  <system-out/>
  <testcase classname="MyPackage.MyTestCases" name="UpdateData" time="0.008"/>
  <system-out/>
  <testcase classname="MyPackage.MyTestCases" name="ReadData" time="2.467"/>
  <system-out/>
  <testcase classname="MyPackage.MyTestCases" name="DeleteData">
    <skipped/>
  </testcase> <!-- DeleteData -->
  <system-out/>
</testsuite> <!-- MyPackage.MyTestCases -->
